<<<<<<< HEAD
[E 260128 10:10:20 smartConnect:221] Error occurred while making a POST request to https://apiconnect.angelone.in/rest/auth/angelbroking/user/v1/loginByPassword. Headers: {'Content-type': 'application/json', 'X-ClientLocalIP': '127.0.0.1', 'X-ClientPublicIP': '106.193.147.98', 'X-MACAddress': '80:2b:f9:e1:cd:26', 'Accept': 'application/json', 'X-PrivateKey': '21E7rjit', 'X-UserType': 'USER', 'X-SourceID': 'WEB'}, Request: {'clientcode': 'AACB894292', 'password': '1408', 'totp': '802479'}, Response: HTTPSConnectionPool(host='apiconnect.angelone.in', port=443): Max retries exceeded with url: /rest/auth/angelbroking/user/v1/loginByPassword (Caused by NameResolutionError("HTTPSConnection(host='apiconnect.angelone.in', port=443): Failed to resolve 'apiconnect.angelone.in' ([Errno 11001] getaddrinfo failed)"))
[I 260128 10:13:50 smartConnect:124] in pool
[I 260128 10:29:18 smartConnect:124] in pool
[I 260128 10:50:42 smartConnect:124] in pool
[I 260128 11:02:13 smartConnect:124] in pool
[I 260128 11:05:02 smartConnect:124] in pool
[I 260128 11:13:52 smartConnect:124] in pool
[I 260128 11:21:58 smartConnect:124] in pool
[I 260128 11:24:19 smartConnect:124] in pool
[I 260128 11:28:05 smartConnect:124] in pool
[I 260128 11:29:49 smartConnect:124] in pool
[I 260128 11:31:13 smartConnect:124] in pool
[I 260128 11:36:40 smartConnect:124] in pool
[I 260128 11:42:42 smartConnect:124] in pool
[I 260128 11:45:23 smartConnect:124] in pool
[I 260128 12:31:10 smartConnect:124] in pool
[I 260128 12:33:15 smartConnect:124] in pool
[I 260128 12:43:43 smartConnect:124] in pool
[I 260128 12:50:05 smartConnect:124] in pool
[I 260128 12:55:23 smartConnect:124] in pool
[I 260128 12:56:39 smartConnect:124] in pool
[I 260128 16:06:25 smartConnect:124] in pool
[I 260128 16:20:07 smartConnect:124] in pool
[I 260128 16:24:15 smartConnect:124] in pool
[I 260128 16:25:58 smartConnect:124] in pool
[I 260128 16:27:48 smartConnect:124] in pool
[I 260128 16:38:43 smartConnect:124] in pool
[I 260128 16:49:11 smartConnect:124] in pool
[I 260128 16:50:18 smartConnect:124] in pool
[I 260128 16:53:36 smartConnect:124] in pool
[I 260128 16:56:46 smartConnect:124] in pool
[I 260128 17:08:13 smartConnect:124] in pool
[I 260128 17:14:06 smartConnect:124] in pool
[I 260128 17:19:50 smartConnect:124] in pool
[I 260128 17:21:41 smartConnect:124] in pool
[I 260128 17:32:44 smartConnect:124] in pool
[I 260128 17:38:08 smartConnect:124] in pool
[I 260128 17:44:49 smartConnect:124] in pool
[I 260128 17:48:06 smartConnect:124] in pool
[I 260128 17:49:56 smartConnect:124] in pool
[I 260128 18:03:14 smartConnect:124] in pool
[I 260128 18:13:23 smartConnect:124] in pool
[I 260128 18:22:48 smartConnect:124] in pool
[I 260128 18:32:42 smartConnect:124] in pool
[I 260128 18:40:30 smartConnect:124] in pool
[I 260128 18:42:21 smartConnect:124] in pool
[I 260128 19:05:33 smartConnect:124] in pool
=======
[I 260128 16:36:56 smartConnect:124] in pool
[I 260128 17:09:06 smartConnect:124] in pool
[E 260128 17:13:23 smartConnect:221] Error occurred while making a POST request to https://apiconnect.angelone.in/rest/auth/angelbroking/user/v1/loginByPassword. Headers: {'Content-type': 'application/json', 'X-ClientLocalIP': '127.0.0.1', 'X-ClientPublicIP': '106.193.147.98', 'X-MACAddress': 'b6:1d:d9:c1:fd:76', 'Accept': 'application/json', 'X-PrivateKey': '21E7rjit', 'X-UserType': 'USER', 'X-SourceID': 'WEB'}, Request: {'clientcode': 'AACB894292', 'password': '1408', 'totp': '101036'}, Response: HTTPSConnectionPool(host='apiconnect.angelone.in', port=443): Read timed out. (read timeout=7)
[I 260128 17:19:55 smartConnect:124] in pool
[E 260128 20:20:48 smartConnect:246] Error occurred while making a POST request to https://apiconnect.angelone.in/rest/secure/angelbroking/market/v1/quote. Error: Internal Error. URL: https://apiconnect.angelone.in/rest/secure/angelbroking/market/v1/quote, Headers: {'Content-type': 'application/json', 'X-ClientLocalIP': '127.0.0.1', 'X-ClientPublicIP': '106.193.147.98', 'X-MACAddress': 'b6:1d:d9:c1:fd:76', 'Accept': 'application/json', 'X-PrivateKey': '21E7rjit', 'X-UserType': 'USER', 'X-SourceID': 'WEB'}, Request: {'mode': 'FULL', 'exchangeTokens': {'NSE': ['26000', '26009', '26037', '26065', '1594', '11536', '1333', '4963', '4081', '3045', '11483', '5900', '1660', '10604'], 'BSE': ['26000', '26009', '26037', '26065', '1594', '11536', '1333', '4963', '4081', '3045', '11483', '5900', '1660', '10604']}}, Response: {'message': 'Internal Error', 'errorcode': 'AB2001', 'status': False, 'data': None}
[I 260128 20:50:37 smartConnect:124] in pool
[I 260128 20:51:40 smartConnect:124] in pool
[I 260128 20:53:04 smartConnect:124] in pool
[I 260128 20:53:57 smartConnect:124] in pool
[I 260128 20:56:34 smartConnect:124] in pool
[I 260128 21:03:04 smartConnect:124] in pool
>>>>>>> d0e74bac3185aa48730b11e71fc475c3b089a580
